<?xml version="1.0" encoding="UTF-8"?>
<!-- Generated by org.testng.reporters.JUnitReportReporter -->
<testsuite skipped="0" hostname="DESKTOP-JNVULT2" name="tests.LoginUnSuccesFulTest" tests="1" failures="0" timestamp="2023-07-10T16:26:54 ART" time="2.662" errors="0">
  <testcase name="loginUnSuccesful" time="2.662" classname="tests.LoginUnSuccesFulTest"/>
  <system-out/>
</testsuite> <!-- tests.LoginUnSuccesFulTest -->
