<?xml version="1.0" encoding="UTF-8"?>
<!-- Generated by org.testng.reporters.JUnitReportReporter -->
<testsuite skipped="0" hostname="DESKTOP-JNVULT2" name="tests.LoginSuccesfulTest" tests="1" failures="0" timestamp="2023-07-10T10:28:30 ART" time="2.813" errors="0">
  <testcase name="loginSuccesful" time="2.813" classname="tests.LoginSuccesfulTest"/>
  <system-out/>
</testsuite> <!-- tests.LoginSuccesfulTest -->
